mode: set
github.com/psampath6/bookings/cmd/web/middleware.go:9.53,10.70 1 0
github.com/psampath6/bookings/cmd/web/middleware.go:10.70,13.3 2 0
github.com/psampath6/bookings/cmd/web/middleware.go:16.45,25.2 3 1
github.com/psampath6/bookings/cmd/web/middleware.go:28.50,30.2 1 1
github.com/psampath6/bookings/cmd/web/routes.go:13.49,40.2 18 1
github.com/psampath6/bookings/cmd/web/main.go:21.13,23.16 2 0
github.com/psampath6/bookings/cmd/web/main.go:27.2,36.16 4 0
github.com/psampath6/bookings/cmd/web/main.go:23.16,25.3 1 0
github.com/psampath6/bookings/cmd/web/main.go:39.18,55.16 11 1
github.com/psampath6/bookings/cmd/web/main.go:60.2,67.12 6 1
github.com/psampath6/bookings/cmd/web/main.go:55.16,58.3 2 0
