mode: set
github.com/psampath6/bookings/internal/handlers/handlers.go:35.62,40.2 1 0
github.com/psampath6/bookings/internal/handlers/handlers.go:43.51,48.2 1 1
github.com/psampath6/bookings/internal/handlers/handlers.go:51.33,53.2 1 1
github.com/psampath6/bookings/internal/handlers/handlers.go:56.67,58.2 1 1
github.com/psampath6/bookings/internal/handlers/handlers.go:61.68,65.2 1 1
github.com/psampath6/bookings/internal/handlers/handlers.go:68.74,70.9 2 1
github.com/psampath6/bookings/internal/handlers/handlers.go:70.9,74.3 3 1
github.com/psampath6/bookings/internal/handlers/handlers.go:76.2,77.16 2 1
github.com/psampath6/bookings/internal/handlers/handlers.go:77.16,81.3 3 1
github.com/psampath6/bookings/internal/handlers/handlers.go:83.2,101.4 10 1
github.com/psampath6/bookings/internal/handlers/handlers.go:105.78,108.16 2 1
github.com/psampath6/bookings/internal/handlers/handlers.go:108.16,112.3 3 1
github.com/psampath6/bookings/internal/handlers/handlers.go:113.2,122.16 5 1
github.com/psampath6/bookings/internal/handlers/handlers.go:122.16,126.3 3 0
github.com/psampath6/bookings/internal/handlers/handlers.go:127.2,128.16 2 1
github.com/psampath6/bookings/internal/handlers/handlers.go:128.16,132.3 3 0
github.com/psampath6/bookings/internal/handlers/handlers.go:134.2,135.16 2 1
github.com/psampath6/bookings/internal/handlers/handlers.go:135.16,139.3 3 0
github.com/psampath6/bookings/internal/handlers/handlers.go:141.2,157.19 6 1
github.com/psampath6/bookings/internal/handlers/handlers.go:157.19,166.3 5 0
github.com/psampath6/bookings/internal/handlers/handlers.go:168.2,169.16 2 1
github.com/psampath6/bookings/internal/handlers/handlers.go:169.16,173.3 3 0
github.com/psampath6/bookings/internal/handlers/handlers.go:175.2,187.16 4 1
github.com/psampath6/bookings/internal/handlers/handlers.go:187.16,191.3 3 0
github.com/psampath6/bookings/internal/handlers/handlers.go:192.2,194.66 2 1
github.com/psampath6/bookings/internal/handlers/handlers.go:198.71,200.2 1 1
github.com/psampath6/bookings/internal/handlers/handlers.go:202.69,204.2 1 1
github.com/psampath6/bookings/internal/handlers/handlers.go:207.75,209.2 1 1
github.com/psampath6/bookings/internal/handlers/handlers.go:212.79,214.16 2 0
github.com/psampath6/bookings/internal/handlers/handlers.go:214.16,218.3 3 0
github.com/psampath6/bookings/internal/handlers/handlers.go:219.2,225.16 5 0
github.com/psampath6/bookings/internal/handlers/handlers.go:225.16,229.3 3 0
github.com/psampath6/bookings/internal/handlers/handlers.go:231.2,232.16 2 0
github.com/psampath6/bookings/internal/handlers/handlers.go:232.16,236.3 3 0
github.com/psampath6/bookings/internal/handlers/handlers.go:237.2,238.16 2 0
github.com/psampath6/bookings/internal/handlers/handlers.go:238.16,242.3 3 0
github.com/psampath6/bookings/internal/handlers/handlers.go:244.2,244.26 1 0
github.com/psampath6/bookings/internal/handlers/handlers.go:244.26,246.3 1 0
github.com/psampath6/bookings/internal/handlers/handlers.go:248.2,248.21 1 0
github.com/psampath6/bookings/internal/handlers/handlers.go:248.21,254.3 3 0
github.com/psampath6/bookings/internal/handlers/handlers.go:256.2,266.4 5 0
github.com/psampath6/bookings/internal/handlers/handlers.go:278.79,281.16 2 0
github.com/psampath6/bookings/internal/handlers/handlers.go:281.16,290.3 5 0
github.com/psampath6/bookings/internal/handlers/handlers.go:291.2,310.16 11 0
github.com/psampath6/bookings/internal/handlers/handlers.go:310.16,313.3 2 0
github.com/psampath6/bookings/internal/handlers/handlers.go:314.2,316.14 3 0
github.com/psampath6/bookings/internal/handlers/handlers.go:320.70,322.2 1 1
github.com/psampath6/bookings/internal/handlers/handlers.go:324.81,326.9 2 0
github.com/psampath6/bookings/internal/handlers/handlers.go:326.9,332.3 4 0
github.com/psampath6/bookings/internal/handlers/handlers.go:333.2,346.4 9 0
github.com/psampath6/bookings/internal/handlers/handlers.go:349.73,351.16 2 0
github.com/psampath6/bookings/internal/handlers/handlers.go:351.16,354.3 2 0
github.com/psampath6/bookings/internal/handlers/handlers.go:357.2,358.9 2 0
github.com/psampath6/bookings/internal/handlers/handlers.go:358.9,361.3 2 0
github.com/psampath6/bookings/internal/handlers/handlers.go:363.2,365.63 3 0
github.com/psampath6/bookings/internal/handlers/handlers.go:368.71,380.16 9 0
github.com/psampath6/bookings/internal/handlers/handlers.go:380.16,383.3 2 0
github.com/psampath6/bookings/internal/handlers/handlers.go:385.2,393.63 6 0
